2019-09-25T02:55:16.826Z [SetLoggingBehavior]: {
    "ContactId": "9c7ff421-bcec-4ee7-a2e7-c8a2a870fb1e",
    "ContactFlowId": "arn:aws:connect:us-east-1:329856991767:instance/9bb5ccc2-8693-48bc-b3d2-1b726a71c349/contact-flow/bf9f303a-4c0a-4950-afd0-9223abfd417a",
    "ContactFlowModuleType": "SetLoggingBehavior",
    "Timestamp": "2019-09-25T02:55:16.826Z",
    "Parameters": {
        "LoggingBehavior": "Enable"
    }
}
2019-09-25T02:55:16.827Z [SetAttributes]: {
    "ContactId": "9c7ff421-bcec-4ee7-a2e7-c8a2a870fb1e",
    "ContactFlowId": "arn:aws:connect:us-east-1:329856991767:instance/9bb5ccc2-8693-48bc-b3d2-1b726a71c349/contact-flow/bf9f303a-4c0a-4950-afd0-9223abfd417a",
    "ContactFlowModuleType": "SetAttributes",
    "Timestamp": "2019-09-25T02:55:16.827Z",
    "Parameters": {
        "Value": "+14792680365",
        "Key": "ANI"
    }
}
2019-09-25T02:55:16.828Z [GetUserInput]: {
    "ContactId": "9c7ff421-bcec-4ee7-a2e7-c8a2a870fb1e",
    "ContactFlowId": "arn:aws:connect:us-east-1:329856991767:instance/9bb5ccc2-8693-48bc-b3d2-1b726a71c349/contact-flow/bf9f303a-4c0a-4950-afd0-9223abfd417a",
    "ContactFlowModuleType": "GetUserInput",
    "Timestamp": "2019-09-25T02:55:16.828Z",
    "Parameters": {
        "NoInputTimeout": "3000",
        "TextToSpeechType": "text",
        "BotAlias": "$LATEST",
        "Text": "Please speak the last name of the doctor or the provider you want to be connected with.",
        "Voice": "Joanna",
        "BotRegion": "us-east-1",
        "BotName": "GetLastNameBot",
        "MaxSpeechDuration": "12000"
    }
}
